2023-09-18 08:07:23.887 +03:00 [INF] TCP 18.09.2023 8:07:23 yandex.ru:80 OK
2023-09-18 08:07:23.887 +03:00 [INF] ICMP 18.09.2023 8:07:23 google.com OK
2023-09-18 08:07:23.888 +03:00 [INF] ICMP 18.09.2023 8:07:23 yandex.ru OK
2023-09-18 08:07:24.166 +03:00 [INF] HTTP 18.09.2023 8:07:24 https://www.google.com OK
2023-09-18 08:07:25.053 +03:00 [INF] HTTP 18.09.2023 8:07:25 https://www.yandex.ru OK
2023-09-18 08:07:36.013 +03:00 [INF] HTTP 18.09.2023 8:07:36 https://www.yandex.ru OK
2023-09-18 08:07:38.964 +03:00 [INF] ICMP 18.09.2023 8:07:38 google.com OK
2023-09-18 08:07:44.020 +03:00 [INF] ICMP 18.09.2023 8:07:44 yandex.ru OK
2023-09-18 08:07:47.019 +03:00 [INF] HTTP 18.09.2023 8:07:47 https://www.yandex.ru OK
2023-09-18 08:07:54.019 +03:00 [INF] ICMP 18.09.2023 8:07:54 google.com OK
2023-09-18 08:07:57.581 +03:00 [INF] HTTP 18.09.2023 8:07:57 https://www.yandex.ru FAILED
2023-09-18 08:08:04.127 +03:00 [INF] ICMP 18.09.2023 8:08:04 yandex.ru OK
2023-09-18 08:08:08.149 +03:00 [INF] HTTP 18.09.2023 8:08:08 https://www.yandex.ru FAILED
2023-09-18 08:08:09.008 +03:00 [INF] TCP 18.09.2023 8:08:09 yandex.ru:80 OK
2023-09-18 08:08:09.067 +03:00 [INF] ICMP 18.09.2023 8:08:09 google.com OK
2023-09-18 08:08:19.105 +03:00 [INF] HTTP 18.09.2023 8:08:19 https://www.yandex.ru OK
2023-09-18 08:08:24.124 +03:00 [INF] ICMP 18.09.2023 8:08:24 google.com OK
2023-09-18 08:08:24.221 +03:00 [INF] ICMP 18.09.2023 8:08:24 yandex.ru OK
2023-09-18 08:08:24.455 +03:00 [INF] HTTP 18.09.2023 8:08:24 https://www.google.com OK
2023-09-18 08:08:29.664 +03:00 [INF] HTTP 18.09.2023 8:08:29 https://www.yandex.ru FAILED
2023-09-18 08:08:39.180 +03:00 [INF] ICMP 18.09.2023 8:08:39 google.com OK
2023-09-18 08:08:40.251 +03:00 [INF] HTTP 18.09.2023 8:08:40 https://www.yandex.ru FAILED
2023-09-18 08:08:44.256 +03:00 [INF] ICMP 18.09.2023 8:08:44 yandex.ru FAILED
2023-09-18 08:08:50.830 +03:00 [INF] HTTP 18.09.2023 8:08:50 https://www.yandex.ru FAILED
2023-09-18 08:08:54.111 +03:00 [INF] TCP 18.09.2023 8:08:54 yandex.ru:80 OK
2023-09-18 08:08:54.234 +03:00 [INF] ICMP 18.09.2023 8:08:54 google.com OK
2023-09-18 08:09:01.419 +03:00 [INF] HTTP 18.09.2023 8:09:01 https://www.yandex.ru FAILED
2023-09-18 08:09:04.354 +03:00 [INF] ICMP 18.09.2023 8:09:04 yandex.ru OK
2023-09-18 08:09:09.251 +03:00 [INF] ICMP 18.09.2023 8:09:09 google.com FAILED
2023-09-18 08:09:11.991 +03:00 [INF] HTTP 18.09.2023 8:09:11 https://www.yandex.ru FAILED
2023-09-18 08:09:40.741 +03:00 [INF] ICMP 18.09.2023 8:09:40 google.com OK
2023-09-18 08:09:40.757 +03:00 [INF] ICMP 18.09.2023 8:09:40 yandex.ru FAILED
2023-09-18 08:09:40.789 +03:00 [INF] TCP 18.09.2023 8:09:40 yandex.ru:80 OK
2023-09-18 08:09:41.085 +03:00 [INF] HTTP 18.09.2023 8:09:41 https://www.google.com OK
2023-09-18 08:09:41.492 +03:00 [INF] HTTP 18.09.2023 8:09:41 https://www.yandex.ru FAILED
2023-09-18 08:09:52.149 +03:00 [INF] HTTP 18.09.2023 8:09:52 https://www.yandex.ru FAILED
2023-09-18 08:09:55.808 +03:00 [INF] ICMP 18.09.2023 8:09:55 google.com OK
2023-09-18 08:10:00.862 +03:00 [INF] ICMP 18.09.2023 8:10:00 yandex.ru OK
2023-09-18 08:10:02.738 +03:00 [INF] HTTP 18.09.2023 8:10:02 https://www.yandex.ru FAILED
2023-09-18 08:10:10.865 +03:00 [INF] ICMP 18.09.2023 8:10:10 google.com OK
2023-09-18 08:10:13.322 +03:00 [INF] HTTP 18.09.2023 8:10:13 https://www.yandex.ru FAILED
2023-09-18 08:10:21.010 +03:00 [INF] ICMP 18.09.2023 8:10:21 yandex.ru OK
2023-09-18 08:10:23.893 +03:00 [INF] HTTP 18.09.2023 8:10:23 https://www.yandex.ru FAILED
2023-09-18 08:10:25.887 +03:00 [INF] TCP 18.09.2023 8:10:25 yandex.ru:80 OK
2023-09-18 08:10:25.919 +03:00 [INF] ICMP 18.09.2023 8:10:25 google.com OK
2023-09-18 08:10:34.460 +03:00 [INF] HTTP 18.09.2023 8:10:34 https://www.yandex.ru FAILED
2023-09-18 08:10:40.975 +03:00 [INF] ICMP 18.09.2023 8:10:40 google.com OK
2023-09-18 08:10:41.116 +03:00 [INF] ICMP 18.09.2023 8:10:41 yandex.ru OK
2023-09-18 08:10:41.372 +03:00 [INF] HTTP 18.09.2023 8:10:41 https://www.google.com OK
2023-09-18 08:10:45.028 +03:00 [INF] HTTP 18.09.2023 8:10:45 https://www.yandex.ru FAILED
2023-09-18 08:10:55.614 +03:00 [INF] HTTP 18.09.2023 8:10:55 https://www.yandex.ru FAILED
2023-09-18 08:10:56.023 +03:00 [INF] ICMP 18.09.2023 8:10:56 google.com OK
2023-09-18 08:11:01.223 +03:00 [INF] ICMP 18.09.2023 8:11:01 yandex.ru OK
2023-09-18 08:11:06.189 +03:00 [INF] HTTP 18.09.2023 8:11:06 https://www.yandex.ru FAILED
2023-09-18 08:11:10.985 +03:00 [INF] TCP 18.09.2023 8:11:10 yandex.ru:80 OK
2023-09-18 08:11:11.074 +03:00 [INF] ICMP 18.09.2023 8:11:11 google.com OK
2023-09-18 08:11:16.768 +03:00 [INF] HTTP 18.09.2023 8:11:16 https://www.yandex.ru FAILED
2023-09-18 08:11:21.256 +03:00 [INF] ICMP 18.09.2023 8:11:21 yandex.ru FAILED
2023-09-18 08:11:26.132 +03:00 [INF] ICMP 18.09.2023 8:11:26 google.com OK
2023-09-18 08:11:27.329 +03:00 [INF] HTTP 18.09.2023 8:11:27 https://www.yandex.ru FAILED
2023-09-18 08:11:37.894 +03:00 [INF] HTTP 18.09.2023 8:11:37 https://www.yandex.ru FAILED
2023-09-18 08:11:41.179 +03:00 [INF] ICMP 18.09.2023 8:11:41 google.com OK
2023-09-18 08:11:41.353 +03:00 [INF] ICMP 18.09.2023 8:11:41 yandex.ru OK
2023-09-18 08:11:41.678 +03:00 [INF] HTTP 18.09.2023 8:11:41 https://www.google.com OK
2023-09-18 08:11:48.468 +03:00 [INF] HTTP 18.09.2023 8:11:48 https://www.yandex.ru FAILED
2023-09-18 08:11:56.077 +03:00 [INF] TCP 18.09.2023 8:11:56 yandex.ru:80 OK
2023-09-18 08:11:56.223 +03:00 [INF] ICMP 18.09.2023 8:11:56 google.com OK
2023-09-18 08:11:59.027 +03:00 [INF] HTTP 18.09.2023 8:11:59 https://www.yandex.ru FAILED
2023-09-18 08:12:01.451 +03:00 [INF] ICMP 18.09.2023 8:12:01 yandex.ru OK
2023-09-18 08:12:09.600 +03:00 [INF] HTTP 18.09.2023 8:12:09 https://www.yandex.ru FAILED
2023-09-18 08:12:11.255 +03:00 [INF] ICMP 18.09.2023 8:12:11 google.com FAILED
2023-09-18 08:12:20.176 +03:00 [INF] HTTP 18.09.2023 8:12:20 https://www.yandex.ru FAILED
2023-09-18 08:12:21.549 +03:00 [INF] ICMP 18.09.2023 8:12:21 yandex.ru OK
2023-09-18 08:12:26.349 +03:00 [INF] ICMP 18.09.2023 8:12:26 google.com OK
2023-09-18 08:12:30.762 +03:00 [INF] HTTP 18.09.2023 8:12:30 https://www.yandex.ru FAILED
2023-09-18 08:12:41.175 +03:00 [INF] TCP 18.09.2023 8:12:41 yandex.ru:80 OK
2023-09-18 08:12:41.345 +03:00 [INF] HTTP 18.09.2023 8:12:41 https://www.yandex.ru FAILED
2023-09-18 08:12:41.394 +03:00 [INF] ICMP 18.09.2023 8:12:41 google.com OK
2023-09-18 08:12:41.644 +03:00 [INF] ICMP 18.09.2023 8:12:41 yandex.ru OK
2023-09-18 08:12:41.957 +03:00 [INF] HTTP 18.09.2023 8:12:41 https://www.google.com OK
2023-09-18 08:12:52.238 +03:00 [INF] ICMP 18.09.2023 8:12:52 google.com OK
2023-09-18 08:12:52.253 +03:00 [INF] ICMP 18.09.2023 8:12:52 yandex.ru FAILED
2023-09-18 08:12:52.275 +03:00 [INF] TCP 18.09.2023 8:12:52 yandex.ru:80 OK
2023-09-18 08:12:52.536 +03:00 [INF] HTTP 18.09.2023 8:12:52 https://www.google.com OK
2023-09-18 08:12:52.996 +03:00 [INF] HTTP 18.09.2023 8:12:52 https://www.yandex.ru FAILED
2023-09-18 08:13:03.596 +03:00 [INF] HTTP 18.09.2023 8:13:03 https://www.yandex.ru FAILED
2023-09-18 08:13:07.373 +03:00 [INF] ICMP 18.09.2023 8:13:07 google.com OK
2023-09-18 08:13:12.358 +03:00 [INF] ICMP 18.09.2023 8:13:12 yandex.ru OK
2023-09-18 08:13:14.180 +03:00 [INF] HTTP 18.09.2023 8:13:14 https://www.yandex.ru FAILED
2023-09-18 08:13:22.427 +03:00 [INF] ICMP 18.09.2023 8:13:22 google.com OK
2023-09-18 08:13:24.756 +03:00 [INF] HTTP 18.09.2023 8:13:24 https://www.yandex.ru FAILED
2023-09-18 08:13:32.456 +03:00 [INF] ICMP 18.09.2023 8:13:32 yandex.ru OK
2023-09-18 08:13:35.330 +03:00 [INF] HTTP 18.09.2023 8:13:35 https://www.yandex.ru FAILED
2023-09-18 08:13:37.380 +03:00 [INF] TCP 18.09.2023 8:13:37 yandex.ru:80 OK
2023-09-18 08:13:37.471 +03:00 [INF] ICMP 18.09.2023 8:13:37 google.com OK
2023-09-18 08:13:45.901 +03:00 [INF] HTTP 18.09.2023 8:13:45 https://www.yandex.ru FAILED
2023-09-18 08:13:52.521 +03:00 [INF] ICMP 18.09.2023 8:13:52 google.com OK
2023-09-18 08:13:52.555 +03:00 [INF] ICMP 18.09.2023 8:13:52 yandex.ru OK
2023-09-18 08:13:52.811 +03:00 [INF] HTTP 18.09.2023 8:13:52 https://www.google.com OK
2023-09-18 08:13:56.490 +03:00 [INF] HTTP 18.09.2023 8:13:56 https://www.yandex.ru FAILED
2023-09-18 08:14:07.084 +03:00 [INF] HTTP 18.09.2023 8:14:07 https://www.yandex.ru FAILED
2023-09-18 08:14:07.568 +03:00 [INF] ICMP 18.09.2023 8:14:07 google.com OK
2023-09-18 08:14:12.651 +03:00 [INF] ICMP 18.09.2023 8:14:12 yandex.ru OK
2023-09-18 08:14:17.679 +03:00 [INF] HTTP 18.09.2023 8:14:17 https://www.yandex.ru FAILED
2023-09-18 08:14:22.472 +03:00 [INF] TCP 18.09.2023 8:14:22 yandex.ru:80 OK
2023-09-18 08:14:22.616 +03:00 [INF] ICMP 18.09.2023 8:14:22 google.com OK
2023-09-18 08:14:28.297 +03:00 [INF] HTTP 18.09.2023 8:14:28 https://www.yandex.ru FAILED
2023-09-18 08:14:32.755 +03:00 [INF] ICMP 18.09.2023 8:14:32 yandex.ru OK
2023-09-18 08:14:37.670 +03:00 [INF] ICMP 18.09.2023 8:14:37 google.com OK
2023-09-18 08:14:38.871 +03:00 [INF] HTTP 18.09.2023 8:14:38 https://www.yandex.ru FAILED
2023-09-18 08:14:49.442 +03:00 [INF] HTTP 18.09.2023 8:14:49 https://www.yandex.ru FAILED
2023-09-18 08:14:52.716 +03:00 [INF] ICMP 18.09.2023 8:14:52 google.com OK
2023-09-18 08:14:52.859 +03:00 [INF] ICMP 18.09.2023 8:14:52 yandex.ru OK
2023-09-18 08:14:53.129 +03:00 [INF] HTTP 18.09.2023 8:14:53 https://www.google.com OK
2023-09-18 08:15:00.076 +03:00 [INF] HTTP 18.09.2023 8:15:00 https://www.yandex.ru FAILED
2023-09-18 08:15:07.612 +03:00 [INF] TCP 18.09.2023 8:15:07 yandex.ru:80 OK
2023-09-18 08:15:07.758 +03:00 [INF] ICMP 18.09.2023 8:15:07 google.com FAILED
2023-09-18 08:15:10.662 +03:00 [INF] HTTP 18.09.2023 8:15:10 https://www.yandex.ru FAILED
2023-09-18 08:15:12.964 +03:00 [INF] ICMP 18.09.2023 8:15:12 yandex.ru OK
2023-09-18 08:18:37.063 +03:00 [INF] ICMP 18.09.2023 8:18:37 yandex.ru OK
2023-09-18 08:18:37.063 +03:00 [INF] ICMP 18.09.2023 8:18:37 google.com OK
2023-09-18 08:18:37.063 +03:00 [INF] TCP 18.09.2023 8:18:37 yandex.ru:80 OK
2023-09-18 08:18:37.302 +03:00 [INF] HTTP 18.09.2023 8:18:37 https://www.google.com OK
2023-09-18 08:18:37.763 +03:00 [INF] HTTP 18.09.2023 8:18:37 https://www.yandex.ru FAILED
2023-09-18 08:18:48.355 +03:00 [INF] HTTP 18.09.2023 8:18:48 https://www.yandex.ru FAILED
2023-09-18 08:18:52.138 +03:00 [INF] ICMP 18.09.2023 8:18:52 google.com OK
2023-09-18 08:18:57.178 +03:00 [INF] ICMP 18.09.2023 8:18:57 yandex.ru OK
2023-09-18 08:18:58.927 +03:00 [INF] HTTP 18.09.2023 8:18:58 https://www.yandex.ru FAILED
2023-09-18 08:19:07.195 +03:00 [INF] ICMP 18.09.2023 8:19:07 google.com OK
2023-09-18 08:19:09.495 +03:00 [INF] HTTP 18.09.2023 8:19:09 https://www.yandex.ru FAILED
2023-09-18 08:19:17.255 +03:00 [INF] ICMP 18.09.2023 8:19:17 yandex.ru FAILED
2023-09-18 08:19:20.083 +03:00 [INF] HTTP 18.09.2023 8:19:20 https://www.yandex.ru FAILED
2023-09-18 08:19:22.187 +03:00 [INF] TCP 18.09.2023 8:19:22 yandex.ru:80 OK
2023-09-18 08:19:22.245 +03:00 [INF] ICMP 18.09.2023 8:19:22 google.com OK
2023-09-18 08:19:30.679 +03:00 [INF] HTTP 18.09.2023 8:19:30 https://www.yandex.ru FAILED
2023-09-18 08:19:37.299 +03:00 [INF] ICMP 18.09.2023 8:19:37 google.com OK
2023-09-18 08:19:37.348 +03:00 [INF] ICMP 18.09.2023 8:19:37 yandex.ru OK
2023-09-18 08:19:37.573 +03:00 [INF] HTTP 18.09.2023 8:19:37 https://www.google.com OK
2023-09-18 08:19:41.263 +03:00 [INF] HTTP 18.09.2023 8:19:41 https://www.yandex.ru FAILED
2023-09-18 08:19:51.865 +03:00 [INF] HTTP 18.09.2023 8:19:51 https://www.yandex.ru FAILED
2023-09-18 08:19:52.356 +03:00 [INF] ICMP 18.09.2023 8:19:52 google.com OK
2023-09-18 08:19:57.449 +03:00 [INF] ICMP 18.09.2023 8:19:57 yandex.ru OK
2023-09-18 08:20:02.435 +03:00 [INF] HTTP 18.09.2023 8:20:02 https://www.yandex.ru FAILED
2023-09-18 08:20:07.326 +03:00 [INF] TCP 18.09.2023 8:20:07 yandex.ru:80 OK
2023-09-18 08:20:07.408 +03:00 [INF] ICMP 18.09.2023 8:20:07 google.com OK
2023-09-18 08:20:13.021 +03:00 [INF] HTTP 18.09.2023 8:20:13 https://www.yandex.ru FAILED
2023-09-18 08:20:17.598 +03:00 [INF] ICMP 18.09.2023 8:20:17 yandex.ru OK
2023-09-18 08:20:22.457 +03:00 [INF] ICMP 18.09.2023 8:20:22 google.com OK
2023-09-18 08:21:54.595 +03:00 [INF] ICMP 18.09.2023 8:21:54 google.com OK
2023-09-18 08:21:54.636 +03:00 [INF] TCP 18.09.2023 8:21:54 yandex.ru:80 OK
2023-09-18 08:21:54.653 +03:00 [INF] ICMP 18.09.2023 8:21:54 yandex.ru OK
2023-09-18 08:21:54.905 +03:00 [INF] HTTP 18.09.2023 8:21:54 https://www.google.com OK
2023-09-18 08:21:55.332 +03:00 [INF] HTTP 18.09.2023 8:21:55 https://www.yandex.ru FAILED
2023-09-18 08:22:05.943 +03:00 [INF] HTTP 18.09.2023 8:22:05 https://www.yandex.ru FAILED
2023-09-18 08:22:09.675 +03:00 [INF] ICMP 18.09.2023 8:22:09 google.com OK
2023-09-18 08:22:14.748 +03:00 [INF] ICMP 18.09.2023 8:22:14 yandex.ru OK
2023-09-18 08:22:15.572 +03:00 [INF] TCP 18.09.2023 8:22:15 google.com:9100 FAILED
2023-09-18 08:22:16.522 +03:00 [INF] HTTP 18.09.2023 8:22:16 https://www.yandex.ru FAILED
2023-09-18 08:22:24.731 +03:00 [INF] ICMP 18.09.2023 8:22:24 google.com OK
2023-09-18 08:22:27.118 +03:00 [INF] HTTP 18.09.2023 8:22:27 https://www.yandex.ru FAILED
2023-09-18 08:22:34.850 +03:00 [INF] ICMP 18.09.2023 8:22:34 yandex.ru OK
2023-09-18 08:22:37.706 +03:00 [INF] HTTP 18.09.2023 8:22:37 https://www.yandex.ru FAILED
2023-09-18 08:22:39.735 +03:00 [INF] TCP 18.09.2023 8:22:39 yandex.ru:80 OK
2023-09-18 08:22:39.753 +03:00 [INF] ICMP 18.09.2023 8:22:39 google.com FAILED
2023-09-18 08:22:48.279 +03:00 [INF] HTTP 18.09.2023 8:22:48 https://www.yandex.ru FAILED
2023-09-18 08:22:54.811 +03:00 [INF] ICMP 18.09.2023 8:22:54 google.com OK
2023-09-18 08:22:54.954 +03:00 [INF] ICMP 18.09.2023 8:22:54 yandex.ru OK
2023-09-18 08:22:55.202 +03:00 [INF] HTTP 18.09.2023 8:22:55 https://www.google.com OK
2023-09-18 08:22:58.849 +03:00 [INF] HTTP 18.09.2023 8:22:58 https://www.yandex.ru FAILED
2023-09-18 08:28:10.076 +03:00 [INF] ICMP 18.09.2023 8:28:10 yandex.ru OK
2023-09-18 08:28:10.076 +03:00 [INF] TCP 18.09.2023 8:28:10 yandex.ru:80 OK
2023-09-18 08:28:10.807 +03:00 [INF] HTTP 18.09.2023 8:28:10 https://www.yandex.ru FAILED
2023-09-18 08:28:21.387 +03:00 [INF] HTTP 18.09.2023 8:28:21 https://www.yandex.ru FAILED
2023-09-18 08:28:30.205 +03:00 [INF] ICMP 18.09.2023 8:28:30 yandex.ru OK
2023-09-18 08:28:31.015 +03:00 [INF] TCP 18.09.2023 8:28:31 google.com:9100 FAILED
2023-09-18 08:28:31.969 +03:00 [INF] HTTP 18.09.2023 8:28:31 https://www.yandex.ru FAILED
2023-09-18 08:28:42.557 +03:00 [INF] HTTP 18.09.2023 8:28:42 https://www.yandex.ru FAILED
2023-09-18 08:28:50.248 +03:00 [INF] ICMP 18.09.2023 8:28:50 yandex.ru FAILED
2023-09-18 08:28:53.137 +03:00 [INF] HTTP 18.09.2023 8:28:53 https://www.yandex.ru FAILED
2023-09-18 08:28:55.204 +03:00 [INF] TCP 18.09.2023 8:28:55 yandex.ru:80 OK
2023-09-18 08:29:03.705 +03:00 [INF] HTTP 18.09.2023 8:29:03 https://www.yandex.ru FAILED
2023-09-18 08:29:10.354 +03:00 [INF] ICMP 18.09.2023 8:29:10 yandex.ru OK
2023-09-18 08:29:14.304 +03:00 [INF] HTTP 18.09.2023 8:29:14 https://www.yandex.ru FAILED
2023-09-18 08:30:15.395 +03:00 [ERR] An invalid request URI was provided. Either the request URI must be an absolute URI or BaseAddress must be set.
System.InvalidOperationException: An invalid request URI was provided. Either the request URI must be an absolute URI or BaseAddress must be set.
   at System.Net.Http.HttpClient.PrepareRequestMessage(HttpRequestMessage request)
   at System.Net.Http.HttpClient.SendAsync(HttpRequestMessage request, HttpCompletionOption completionOption, CancellationToken cancellationToken)
   at Services.Pingers.HttpPinger.Ping() in D:\C#\Pinger\Pinger\Application\Services\Pingers\HttpPinger.cs:line 22
   at Services.PingService.PingAndLogResult[T](T pinger) in D:\C#\Pinger\Pinger\Application\Services\PingService.cs:line 97
2023-09-18 08:30:15.395 +03:00 [ERR] Value cannot be null. (Parameter 'hostNameOrAddress')
System.ArgumentNullException: Value cannot be null. (Parameter 'hostNameOrAddress')
   at System.Net.NetworkInformation.Ping.SendPingAsync(String hostNameOrAddress, Int32 timeout, Byte[] buffer, PingOptions options)
   at System.Net.NetworkInformation.Ping.SendPingAsync(String hostNameOrAddress, Int32 timeout)
   at Services.Pingers.IcmpPinger.Ping() in D:\C#\Pinger\Pinger\Application\Services\Pingers\IcmpPinger.cs:line 23
   at Services.PingService.PingAndLogResult[T](T pinger) in D:\C#\Pinger\Pinger\Application\Services\PingService.cs:line 97
2023-09-18 08:30:15.537 +03:00 [INF] ICMP 18.09.2023 8:30:15 yandex.ru OK
2023-09-18 08:30:15.537 +03:00 [INF] TCP 18.09.2023 8:30:15 yandex.ru:80 OK
2023-09-18 08:30:16.235 +03:00 [INF] HTTP 18.09.2023 8:30:16 https://www.yandex.ru FAILED
2023-09-18 08:30:26.802 +03:00 [INF] HTTP 18.09.2023 8:30:26 https://www.yandex.ru FAILED
2023-09-18 08:30:35.634 +03:00 [INF] ICMP 18.09.2023 8:30:35 yandex.ru OK
2023-09-18 08:30:36.447 +03:00 [INF] TCP 18.09.2023 8:30:36 google.com:9100 FAILED
2023-09-18 08:30:37.381 +03:00 [INF] HTTP 18.09.2023 8:30:37 https://www.yandex.ru FAILED
2023-09-18 08:30:47.967 +03:00 [INF] HTTP 18.09.2023 8:30:47 https://www.yandex.ru FAILED
2023-09-18 08:30:55.740 +03:00 [INF] ICMP 18.09.2023 8:30:55 yandex.ru OK
2023-09-18 08:30:58.536 +03:00 [INF] HTTP 18.09.2023 8:30:58 https://www.yandex.ru FAILED
2023-09-18 08:31:00.632 +03:00 [INF] TCP 18.09.2023 8:31:00 yandex.ru:80 OK
2023-09-18 08:31:09.098 +03:00 [INF] HTTP 18.09.2023 8:31:09 https://www.yandex.ru FAILED
2023-09-18 08:31:15.840 +03:00 [INF] ICMP 18.09.2023 8:31:15 yandex.ru OK
2023-09-18 08:31:19.680 +03:00 [INF] HTTP 18.09.2023 8:31:19 https://www.yandex.ru FAILED
2023-09-18 08:31:27.480 +03:00 [INF] TCP 18.09.2023 8:31:27 google.com:9100 FAILED
2023-09-18 08:31:30.260 +03:00 [INF] HTTP 18.09.2023 8:31:30 https://www.yandex.ru FAILED
2023-09-18 08:31:35.940 +03:00 [INF] ICMP 18.09.2023 8:31:35 yandex.ru OK
2023-09-18 08:31:40.856 +03:00 [INF] HTTP 18.09.2023 8:31:40 https://www.yandex.ru FAILED
2023-09-18 08:31:45.739 +03:00 [INF] TCP 18.09.2023 8:31:45 yandex.ru:80 OK
2023-09-18 08:31:51.455 +03:00 [INF] HTTP 18.09.2023 8:31:51 https://www.yandex.ru FAILED
2023-09-18 08:31:56.041 +03:00 [INF] ICMP 18.09.2023 8:31:56 yandex.ru OK
2023-09-18 08:32:45.576 +03:00 [ERR] Something went wrong!
System.InvalidOperationException: An invalid request URI was provided. Either the request URI must be an absolute URI or BaseAddress must be set.
   at System.Net.Http.HttpClient.PrepareRequestMessage(HttpRequestMessage request)
   at System.Net.Http.HttpClient.SendAsync(HttpRequestMessage request, HttpCompletionOption completionOption, CancellationToken cancellationToken)
   at Services.Pingers.HttpPinger.Ping() in D:\C#\Pinger\Pinger\Application\Services\Pingers\HttpPinger.cs:line 22
   at Services.PingService.PingAndLogResult[T](T pinger) in D:\C#\Pinger\Pinger\Application\Services\PingService.cs:line 97
2023-09-18 08:32:45.575 +03:00 [ERR] Something went wrong!
System.ArgumentNullException: Value cannot be null. (Parameter 'hostNameOrAddress')
   at System.Net.NetworkInformation.Ping.SendPingAsync(String hostNameOrAddress, Int32 timeout, Byte[] buffer, PingOptions options)
   at System.Net.NetworkInformation.Ping.SendPingAsync(String hostNameOrAddress, Int32 timeout)
   at Services.Pingers.IcmpPinger.Ping() in D:\C#\Pinger\Pinger\Application\Services\Pingers\IcmpPinger.cs:line 23
   at Services.PingService.PingAndLogResult[T](T pinger) in D:\C#\Pinger\Pinger\Application\Services\PingService.cs:line 97
2023-09-18 08:32:45.676 +03:00 [INF] TCP 18.09.2023 8:32:45 yandex.ru:80 OK
2023-09-18 08:32:45.676 +03:00 [INF] ICMP 18.09.2023 8:32:45 yandex.ru OK
2023-09-18 08:32:46.402 +03:00 [INF] HTTP 18.09.2023 8:32:46 https://www.yandex.ru FAILED
2023-09-18 08:32:56.968 +03:00 [INF] HTTP 18.09.2023 8:32:56 https://www.yandex.ru FAILED
2023-09-18 08:33:00.619 +03:00 [ERR] Something went wrong!
System.ArgumentNullException: Value cannot be null. (Parameter 'hostNameOrAddress')
   at System.Net.NetworkInformation.Ping.SendPingAsync(String hostNameOrAddress, Int32 timeout, Byte[] buffer, PingOptions options)
   at System.Net.NetworkInformation.Ping.SendPingAsync(String hostNameOrAddress, Int32 timeout)
   at Services.Pingers.IcmpPinger.Ping() in D:\C#\Pinger\Pinger\Application\Services\Pingers\IcmpPinger.cs:line 23
   at Services.PingService.PingAndLogResult[T](T pinger) in D:\C#\Pinger\Pinger\Application\Services\PingService.cs:line 97
2023-09-18 08:33:05.757 +03:00 [INF] ICMP 18.09.2023 8:33:05 yandex.ru FAILED
2023-09-18 08:33:06.609 +03:00 [INF] TCP 18.09.2023 8:33:06 google.com:9100 FAILED
2023-09-18 08:33:07.552 +03:00 [INF] HTTP 18.09.2023 8:33:07 https://www.yandex.ru FAILED
2023-09-18 08:33:15.632 +03:00 [ERR] Something went wrong!
System.ArgumentNullException: Value cannot be null. (Parameter 'hostNameOrAddress')
   at System.Net.NetworkInformation.Ping.SendPingAsync(String hostNameOrAddress, Int32 timeout, Byte[] buffer, PingOptions options)
   at System.Net.NetworkInformation.Ping.SendPingAsync(String hostNameOrAddress, Int32 timeout)
   at Services.Pingers.IcmpPinger.Ping() in D:\C#\Pinger\Pinger\Application\Services\Pingers\IcmpPinger.cs:line 23
   at Services.PingService.PingAndLogResult[T](T pinger) in D:\C#\Pinger\Pinger\Application\Services\PingService.cs:line 97
2023-09-18 08:33:18.099 +03:00 [INF] HTTP 18.09.2023 8:33:18 https://www.yandex.ru FAILED
2023-09-18 08:33:25.858 +03:00 [INF] ICMP 18.09.2023 8:33:25 yandex.ru OK
2023-09-18 08:33:28.688 +03:00 [INF] HTTP 18.09.2023 8:33:28 https://www.yandex.ru FAILED
2023-09-18 08:33:30.636 +03:00 [ERR] Something went wrong!
System.ArgumentNullException: Value cannot be null. (Parameter 'hostNameOrAddress')
   at System.Net.NetworkInformation.Ping.SendPingAsync(String hostNameOrAddress, Int32 timeout, Byte[] buffer, PingOptions options)
   at System.Net.NetworkInformation.Ping.SendPingAsync(String hostNameOrAddress, Int32 timeout)
   at Services.Pingers.IcmpPinger.Ping() in D:\C#\Pinger\Pinger\Application\Services\Pingers\IcmpPinger.cs:line 23
   at Services.PingService.PingAndLogResult[T](T pinger) in D:\C#\Pinger\Pinger\Application\Services\PingService.cs:line 97
2023-09-18 08:33:30.773 +03:00 [INF] TCP 18.09.2023 8:33:30 yandex.ru:80 OK
2023-09-18 08:36:21.627 +03:00 [ERR] Something went wrong!
System.ArgumentNullException: Value cannot be null. (Parameter 'hostNameOrAddress')
   at System.Net.NetworkInformation.Ping.SendPingAsync(String hostNameOrAddress, Int32 timeout, Byte[] buffer, PingOptions options)
   at System.Net.NetworkInformation.Ping.SendPingAsync(String hostNameOrAddress, Int32 timeout)
   at Services.Pingers.IcmpPinger.Ping() in D:\C#\Pinger\Pinger\Application\Services\Pingers\IcmpPinger.cs:line 23
   at Services.PingService.PingAndLogResult[T](T pinger) in D:\C#\Pinger\Pinger\Application\Services\PingService.cs:line 97
2023-09-18 08:36:21.628 +03:00 [ERR] Something went wrong!
System.InvalidOperationException: An invalid request URI was provided. Either the request URI must be an absolute URI or BaseAddress must be set.
   at System.Net.Http.HttpClient.PrepareRequestMessage(HttpRequestMessage request)
   at System.Net.Http.HttpClient.SendAsync(HttpRequestMessage request, HttpCompletionOption completionOption, CancellationToken cancellationToken)
   at Services.Pingers.HttpPinger.Ping() in D:\C#\Pinger\Pinger\Application\Services\Pingers\HttpPinger.cs:line 22
   at Services.PingService.PingAndLogResult[T](T pinger) in D:\C#\Pinger\Pinger\Application\Services\PingService.cs:line 97
2023-09-18 08:36:21.760 +03:00 [INF] ICMP 18.09.2023 8:36:21 yandex.ru FAILED
2023-09-18 08:36:21.835 +03:00 [INF] TCP 18.09.2023 8:36:21 yandex.ru:80 OK
2023-09-18 08:36:22.667 +03:00 [INF] HTTP 18.09.2023 8:36:22 https://www.yandex.ru FAILED
2023-09-18 08:36:33.236 +03:00 [INF] HTTP 18.09.2023 8:36:33 https://www.yandex.ru FAILED
2023-09-18 08:36:41.860 +03:00 [INF] ICMP 18.09.2023 8:36:41 yandex.ru OK
2023-09-18 08:36:42.763 +03:00 [INF] TCP 18.09.2023 8:36:42 google.com:9100 FAILED
2023-09-18 08:36:43.811 +03:00 [INF] HTTP 18.09.2023 8:36:43 https://www.yandex.ru FAILED
2023-09-18 08:36:54.371 +03:00 [INF] HTTP 18.09.2023 8:36:54 https://www.yandex.ru FAILED
2023-09-18 08:37:01.964 +03:00 [INF] ICMP 18.09.2023 8:37:01 yandex.ru OK
2023-09-18 08:37:04.965 +03:00 [INF] HTTP 18.09.2023 8:37:04 https://www.yandex.ru FAILED
2023-09-18 08:37:06.938 +03:00 [INF] TCP 18.09.2023 8:37:06 yandex.ru:80 OK
2023-09-18 08:37:15.572 +03:00 [INF] HTTP 18.09.2023 8:37:15 https://www.yandex.ru FAILED
2023-09-18 08:37:22.066 +03:00 [INF] ICMP 18.09.2023 8:37:22 yandex.ru OK
2023-09-18 08:37:26.155 +03:00 [INF] HTTP 18.09.2023 8:37:26 https://www.yandex.ru FAILED
2023-09-18 08:37:33.941 +03:00 [INF] TCP 18.09.2023 8:37:33 google.com:9100 FAILED
2023-09-18 08:37:36.746 +03:00 [INF] HTTP 18.09.2023 8:37:36 https://www.yandex.ru FAILED
2023-09-18 08:37:42.172 +03:00 [INF] ICMP 18.09.2023 8:37:42 yandex.ru OK
2023-09-18 08:37:47.462 +03:00 [INF] HTTP 18.09.2023 8:37:47 https://www.yandex.ru FAILED
2023-09-18 08:37:52.040 +03:00 [INF] TCP 18.09.2023 8:37:52 yandex.ru:80 OK
2023-09-18 08:37:58.051 +03:00 [INF] HTTP 18.09.2023 8:37:58 https://www.yandex.ru FAILED
2023-09-18 08:38:02.256 +03:00 [INF] ICMP 18.09.2023 8:38:02 yandex.ru FAILED
2023-09-18 08:38:08.617 +03:00 [INF] HTTP 18.09.2023 8:38:08 https://www.yandex.ru FAILED
2023-09-18 08:38:19.200 +03:00 [INF] HTTP 18.09.2023 8:38:19 https://www.yandex.ru FAILED
2023-09-18 08:38:22.354 +03:00 [INF] ICMP 18.09.2023 8:38:22 yandex.ru OK
2023-09-18 08:38:24.984 +03:00 [INF] TCP 18.09.2023 8:38:24 google.com:9100 FAILED
2023-09-18 08:38:29.787 +03:00 [INF] HTTP 18.09.2023 8:38:29 https://www.yandex.ru FAILED
2023-09-18 08:38:37.143 +03:00 [INF] TCP 18.09.2023 8:38:37 yandex.ru:80 OK
2023-09-18 08:38:40.366 +03:00 [INF] HTTP 18.09.2023 8:38:40 https://www.yandex.ru FAILED
2023-09-18 08:38:42.455 +03:00 [INF] ICMP 18.09.2023 8:38:42 yandex.ru OK
2023-09-18 08:38:50.968 +03:00 [INF] HTTP 18.09.2023 8:38:50 https://www.yandex.ru FAILED
2023-09-18 08:41:18.142 +03:00 [INF] ICMP 18.09.2023 8:41:18 google.com OK
2023-09-18 08:41:18.227 +03:00 [INF] TCP 18.09.2023 8:41:18 yandex.ru:80 OK
2023-09-18 08:41:18.228 +03:00 [INF] ICMP 18.09.2023 8:41:18 yandex.ru OK
2023-09-18 08:41:18.472 +03:00 [INF] HTTP 18.09.2023 8:41:18 https://www.google.com OK
2023-09-18 08:41:18.924 +03:00 [INF] HTTP 18.09.2023 8:41:18 https://www.yandex.ru FAILED
2023-09-18 08:41:29.508 +03:00 [INF] HTTP 18.09.2023 8:41:29 https://www.yandex.ru FAILED
2023-09-18 08:41:33.219 +03:00 [INF] ICMP 18.09.2023 8:41:33 google.com OK
2023-09-18 08:41:38.258 +03:00 [INF] ICMP 18.09.2023 8:41:38 yandex.ru FAILED
2023-09-18 08:41:39.123 +03:00 [INF] TCP 18.09.2023 8:41:39 google.com:9100 FAILED
2023-09-18 08:41:40.087 +03:00 [INF] HTTP 18.09.2023 8:41:40 https://www.yandex.ru FAILED
2023-09-18 08:41:48.254 +03:00 [INF] ICMP 18.09.2023 8:41:48 google.com FAILED
2023-09-18 08:41:50.647 +03:00 [INF] HTTP 18.09.2023 8:41:50 https://www.yandex.ru FAILED
2023-09-18 08:41:58.364 +03:00 [INF] ICMP 18.09.2023 8:41:58 yandex.ru OK
2023-09-18 08:42:01.210 +03:00 [INF] HTTP 18.09.2023 8:42:01 https://www.yandex.ru FAILED
2023-09-18 08:42:03.333 +03:00 [INF] TCP 18.09.2023 8:42:03 yandex.ru:80 OK
2023-09-18 08:42:03.370 +03:00 [INF] ICMP 18.09.2023 8:42:03 google.com OK
2023-09-18 08:42:11.798 +03:00 [INF] HTTP 18.09.2023 8:42:11 https://www.yandex.ru FAILED
2023-09-18 20:15:35.991 +03:00 [INF] ICMP 18.09.2023 20:15:35 google.com OK
2023-09-18 20:15:36.009 +03:00 [INF] TCP 18.09.2023 20:15:36 yandex.ru:80 OK
2023-09-18 20:15:36.015 +03:00 [INF] ICMP 18.09.2023 20:15:36 yandex.ru OK
2023-09-18 20:15:36.253 +03:00 [INF] HTTP 18.09.2023 20:15:36 https://www.google.com OK
2023-09-18 20:15:37.165 +03:00 [INF] HTTP 18.09.2023 20:15:37 https://www.yandex.ru OK
2023-09-18 20:15:48.147 +03:00 [INF] HTTP 18.09.2023 20:15:48 https://www.yandex.ru OK
2023-09-18 20:15:51.067 +03:00 [INF] ICMP 18.09.2023 20:15:51 google.com OK
2023-09-18 20:15:56.114 +03:00 [INF] ICMP 18.09.2023 20:15:56 yandex.ru OK
2023-09-18 20:15:56.983 +03:00 [INF] TCP 18.09.2023 20:15:56 google.com:9100 FAILED
2023-09-18 20:15:58.725 +03:00 [INF] HTTP 18.09.2023 20:15:58 https://www.yandex.ru FAILED
2023-09-18 20:16:06.126 +03:00 [INF] ICMP 18.09.2023 20:16:06 google.com OK
2023-09-18 20:16:09.287 +03:00 [INF] HTTP 18.09.2023 20:16:09 https://www.yandex.ru FAILED
2023-09-18 20:16:16.221 +03:00 [INF] ICMP 18.09.2023 20:16:16 yandex.ru OK
2023-09-18 20:16:20.264 +03:00 [INF] HTTP 18.09.2023 20:16:20 https://www.yandex.ru OK
2023-09-18 20:16:21.116 +03:00 [INF] TCP 18.09.2023 20:16:21 yandex.ru:80 OK
2023-09-18 20:16:21.176 +03:00 [INF] ICMP 18.09.2023 20:16:21 google.com OK
2023-09-18 20:16:32.388 +03:00 [INF] ICMP 18.09.2023 20:16:32 google.com OK
2023-09-18 20:16:32.435 +03:00 [INF] ICMP 18.09.2023 20:16:32 yandex.ru OK
2023-09-18 20:16:32.436 +03:00 [INF] TCP 18.09.2023 20:16:32 yandex.ru:80 OK
2023-09-18 20:16:32.707 +03:00 [INF] HTTP 18.09.2023 20:16:32 https://www.google.com OK
2023-09-18 20:16:33.119 +03:00 [INF] HTTP 18.09.2023 20:16:33 https://www.yandex.ru FAILED
2023-09-18 20:16:44.095 +03:00 [INF] HTTP 18.09.2023 20:16:44 https://www.yandex.ru OK
2023-09-18 20:16:47.468 +03:00 [INF] ICMP 18.09.2023 20:16:47 google.com OK
2023-09-18 20:17:02.842 +03:00 [INF] ICMP 18.09.2023 20:17:02 google.com OK
2023-09-18 20:17:02.842 +03:00 [INF] TCP 18.09.2023 20:17:02 google.com:80 OK
2023-09-18 20:17:02.880 +03:00 [INF] TCP 18.09.2023 20:17:02 yandex.ru:80 OK
2023-09-18 20:17:02.886 +03:00 [INF] ICMP 18.09.2023 20:17:02 yandex.ru OK
2023-09-18 20:17:03.121 +03:00 [INF] HTTP 18.09.2023 20:17:03 https://www.google.com OK
2023-09-18 20:17:03.576 +03:00 [INF] HTTP 18.09.2023 20:17:03 https://www.yandex.ru FAILED
