2023-09-17 17:31:21.471 +03:00 [INF] TCP 17.09.2023 17:31:21 google.com OK
2023-09-17 17:31:21.471 +03:00 [INF] ICMP 17.09.2023 17:31:21 google.com OK
2023-09-17 17:31:21.519 +03:00 [INF] TCP 17.09.2023 17:31:21 yandex.ru OK
2023-09-17 17:31:21.519 +03:00 [INF] ICMP 17.09.2023 17:31:21 yandex.ru OK
2023-09-17 17:31:21.857 +03:00 [INF] HTTP 17.09.2023 17:31:21 https://www.google.com OK
2023-09-17 17:31:22.347 +03:00 [INF] HTTP 17.09.2023 17:31:22 https://www.yandex.ru FAILED
2023-09-17 17:31:32.893 +03:00 [INF] HTTP 17.09.2023 17:31:32 https://www.yandex.ru FAILED
2023-09-17 17:31:36.543 +03:00 [INF] ICMP 17.09.2023 17:31:36 google.com OK
2023-09-17 17:31:41.620 +03:00 [INF] ICMP 17.09.2023 17:31:41 yandex.ru OK
2023-09-17 17:31:43.480 +03:00 [INF] HTTP 17.09.2023 17:31:43 https://www.yandex.ru FAILED
2023-09-17 17:31:51.541 +03:00 [INF] TCP 17.09.2023 17:31:51 google.com OK
2023-09-17 17:31:51.593 +03:00 [INF] ICMP 17.09.2023 17:31:51 google.com OK
2023-09-17 17:31:54.065 +03:00 [INF] HTTP 17.09.2023 17:31:54 https://www.yandex.ru FAILED
2023-09-17 17:32:01.720 +03:00 [INF] ICMP 17.09.2023 17:32:01 yandex.ru OK
2023-09-17 17:32:04.644 +03:00 [INF] HTTP 17.09.2023 17:32:04 https://www.yandex.ru FAILED
2023-09-17 17:32:06.605 +03:00 [INF] TCP 17.09.2023 17:32:06 yandex.ru OK
2023-09-17 17:32:06.641 +03:00 [INF] ICMP 17.09.2023 17:32:06 google.com OK
2023-09-17 17:32:15.234 +03:00 [INF] HTTP 17.09.2023 17:32:15 https://www.yandex.ru FAILED
2023-09-17 17:32:21.595 +03:00 [INF] TCP 17.09.2023 17:32:21 google.com OK
2023-09-17 17:32:21.689 +03:00 [INF] ICMP 17.09.2023 17:32:21 google.com OK
2023-09-17 17:32:21.752 +03:00 [INF] ICMP 17.09.2023 17:32:21 yandex.ru FAILED
2023-09-17 17:32:22.133 +03:00 [INF] HTTP 17.09.2023 17:32:22 https://www.google.com OK
2023-09-17 17:32:25.865 +03:00 [INF] HTTP 17.09.2023 17:32:25 https://www.yandex.ru FAILED
2023-09-17 17:32:36.463 +03:00 [INF] HTTP 17.09.2023 17:32:36 https://www.yandex.ru FAILED
2023-09-17 17:32:36.739 +03:00 [INF] ICMP 17.09.2023 17:32:36 google.com OK
2023-09-17 17:32:41.858 +03:00 [INF] ICMP 17.09.2023 17:32:41 yandex.ru OK
2023-09-17 17:32:47.054 +03:00 [INF] HTTP 17.09.2023 17:32:47 https://www.yandex.ru FAILED
2023-09-17 17:32:51.642 +03:00 [INF] TCP 17.09.2023 17:32:51 google.com OK
2023-09-17 17:32:51.706 +03:00 [INF] TCP 17.09.2023 17:32:51 yandex.ru OK
2023-09-17 17:32:51.796 +03:00 [INF] ICMP 17.09.2023 17:32:51 google.com OK
